<?xml version="1.0" encoding="UTF-8"?>
<testsuite xmlns:xsi="http://www.w3.org/2001/XMLSchema-instance" xsi:noNamespaceSchemaLocation="https://maven.apache.org/surefire/maven-surefire-plugin/xsd/surefire-test-report.xsd" name="Mesto1Test" time="2.215" tests="2" errors="1" skipped="0" failures="1">
  <properties>
    <property name="sun.desktop" value="windows"/>
    <property name="awt.toolkit" value="sun.awt.windows.WToolkit"/>
    <property name="java.specification.version" value="11"/>
    <property name="sun.cpu.isalist" value="amd64"/>
    <property name="sun.jnu.encoding" value="Cp1252"/>
    <property name="java.class.path" value="C:\Users\Raya\Praktikum\Mesto\target\test-classes;C:\Users\Raya\Praktikum\Mesto\target\classes;C:\Users\Raya\.m2\repository\junit\junit\4.13.2\junit-4.13.2.jar;C:\Users\Raya\.m2\repository\org\hamcrest\hamcrest-core\1.3\hamcrest-core-1.3.jar;C:\Users\Raya\.m2\repository\org\projectlombok\lombok\1.18.24\lombok-1.18.24.jar;C:\Users\Raya\.m2\repository\io\rest-assured\rest-assured\4.4.0\rest-assured-4.4.0.jar;C:\Users\Raya\.m2\repository\org\codehaus\groovy\groovy\3.0.8\groovy-3.0.8.jar;C:\Users\Raya\.m2\repository\org\codehaus\groovy\groovy-xml\3.0.8\groovy-xml-3.0.8.jar;C:\Users\Raya\.m2\repository\org\apache\httpcomponents\httpclient\4.5.13\httpclient-4.5.13.jar;C:\Users\Raya\.m2\repository\org\apache\httpcomponents\httpcore\4.4.13\httpcore-4.4.13.jar;C:\Users\Raya\.m2\repository\commons-logging\commons-logging\1.2\commons-logging-1.2.jar;C:\Users\Raya\.m2\repository\commons-codec\commons-codec\1.11\commons-codec-1.11.jar;C:\Users\Raya\.m2\repository\org\apache\httpcomponents\httpmime\4.5.13\httpmime-4.5.13.jar;C:\Users\Raya\.m2\repository\org\hamcrest\hamcrest\2.1\hamcrest-2.1.jar;C:\Users\Raya\.m2\repository\org\ccil\cowan\tagsoup\tagsoup\1.2.1\tagsoup-1.2.1.jar;C:\Users\Raya\.m2\repository\io\rest-assured\json-path\4.4.0\json-path-4.4.0.jar;C:\Users\Raya\.m2\repository\org\codehaus\groovy\groovy-json\3.0.8\groovy-json-3.0.8.jar;C:\Users\Raya\.m2\repository\io\rest-assured\rest-assured-common\4.4.0\rest-assured-common-4.4.0.jar;C:\Users\Raya\.m2\repository\io\rest-assured\xml-path\4.4.0\xml-path-4.4.0.jar;C:\Users\Raya\.m2\repository\jakarta\xml\bind\jakarta.xml.bind-api\2.3.3\jakarta.xml.bind-api-2.3.3.jar;C:\Users\Raya\.m2\repository\jakarta\activation\jakarta.activation-api\1.2.2\jakarta.activation-api-1.2.2.jar;C:\Users\Raya\.m2\repository\com\sun\xml\bind\jaxb-impl\2.3.3\jaxb-impl-2.3.3.jar;C:\Users\Raya\.m2\repository\io\qameta\allure\allure-junit4\2.15.0\allure-junit4-2.15.0.jar;C:\Users\Raya\.m2\repository\io\qameta\allure\allure-java-commons\2.15.0\allure-java-commons-2.15.0.jar;C:\Users\Raya\.m2\repository\org\slf4j\slf4j-api\1.7.30\slf4j-api-1.7.30.jar;C:\Users\Raya\.m2\repository\io\qameta\allure\allure-model\2.15.0\allure-model-2.15.0.jar;C:\Users\Raya\.m2\repository\io\qameta\allure\allure-rest-assured\2.15.0\allure-rest-assured-2.15.0.jar;C:\Users\Raya\.m2\repository\io\qameta\allure\allure-attachments\2.15.0\allure-attachments-2.15.0.jar;C:\Users\Raya\.m2\repository\org\freemarker\freemarker\2.3.31\freemarker-2.3.31.jar;C:\Users\Raya\.m2\repository\com\github\javafaker\javafaker\1.0.2\javafaker-1.0.2.jar;C:\Users\Raya\.m2\repository\org\apache\commons\commons-lang3\3.5\commons-lang3-3.5.jar;C:\Users\Raya\.m2\repository\org\yaml\snakeyaml\1.23\snakeyaml-1.23-android.jar;C:\Users\Raya\.m2\repository\com\github\mifmif\generex\1.0.2\generex-1.0.2.jar;C:\Users\Raya\.m2\repository\dk\brics\automaton\automaton\1.11-8\automaton-1.11-8.jar;C:\Users\Raya\.m2\repository\com\google\code\gson\gson\2.8.9\gson-2.8.9.jar;"/>
    <property name="java.vm.vendor" value="Amazon.com Inc."/>
    <property name="sun.arch.data.model" value="64"/>
    <property name="user.variant" value=""/>
    <property name="java.vendor.url" value="https://aws.amazon.com/corretto/"/>
    <property name="user.timezone" value="Europe/Moscow"/>
    <property name="java.vm.specification.version" value="11"/>
    <property name="os.name" value="Windows 10"/>
    <property name="sun.java.launcher" value="SUN_STANDARD"/>
    <property name="user.country" value="RU"/>
    <property name="sun.boot.library.path" value="C:\Program Files\Amazon Corretto\jdk11.0.14_10\bin"/>
    <property name="sun.java.command" value="C:\Users\Raya\AppData\Local\Temp\surefire13060747096897169195\surefirebooter4882519947486147268.jar C:\Users\Raya\AppData\Local\Temp\surefire13060747096897169195 2022-05-26T10-43-54_643-jvmRun1 surefire18104987061579329028tmp surefire_014170547582805623956tmp"/>
    <property name="jdk.debug" value="release"/>
    <property name="surefire.test.class.path" value="C:\Users\Raya\Praktikum\Mesto\target\test-classes;C:\Users\Raya\Praktikum\Mesto\target\classes;C:\Users\Raya\.m2\repository\junit\junit\4.13.2\junit-4.13.2.jar;C:\Users\Raya\.m2\repository\org\hamcrest\hamcrest-core\1.3\hamcrest-core-1.3.jar;C:\Users\Raya\.m2\repository\org\projectlombok\lombok\1.18.24\lombok-1.18.24.jar;C:\Users\Raya\.m2\repository\io\rest-assured\rest-assured\4.4.0\rest-assured-4.4.0.jar;C:\Users\Raya\.m2\repository\org\codehaus\groovy\groovy\3.0.8\groovy-3.0.8.jar;C:\Users\Raya\.m2\repository\org\codehaus\groovy\groovy-xml\3.0.8\groovy-xml-3.0.8.jar;C:\Users\Raya\.m2\repository\org\apache\httpcomponents\httpclient\4.5.13\httpclient-4.5.13.jar;C:\Users\Raya\.m2\repository\org\apache\httpcomponents\httpcore\4.4.13\httpcore-4.4.13.jar;C:\Users\Raya\.m2\repository\commons-logging\commons-logging\1.2\commons-logging-1.2.jar;C:\Users\Raya\.m2\repository\commons-codec\commons-codec\1.11\commons-codec-1.11.jar;C:\Users\Raya\.m2\repository\org\apache\httpcomponents\httpmime\4.5.13\httpmime-4.5.13.jar;C:\Users\Raya\.m2\repository\org\hamcrest\hamcrest\2.1\hamcrest-2.1.jar;C:\Users\Raya\.m2\repository\org\ccil\cowan\tagsoup\tagsoup\1.2.1\tagsoup-1.2.1.jar;C:\Users\Raya\.m2\repository\io\rest-assured\json-path\4.4.0\json-path-4.4.0.jar;C:\Users\Raya\.m2\repository\org\codehaus\groovy\groovy-json\3.0.8\groovy-json-3.0.8.jar;C:\Users\Raya\.m2\repository\io\rest-assured\rest-assured-common\4.4.0\rest-assured-common-4.4.0.jar;C:\Users\Raya\.m2\repository\io\rest-assured\xml-path\4.4.0\xml-path-4.4.0.jar;C:\Users\Raya\.m2\repository\jakarta\xml\bind\jakarta.xml.bind-api\2.3.3\jakarta.xml.bind-api-2.3.3.jar;C:\Users\Raya\.m2\repository\jakarta\activation\jakarta.activation-api\1.2.2\jakarta.activation-api-1.2.2.jar;C:\Users\Raya\.m2\repository\com\sun\xml\bind\jaxb-impl\2.3.3\jaxb-impl-2.3.3.jar;C:\Users\Raya\.m2\repository\io\qameta\allure\allure-junit4\2.15.0\allure-junit4-2.15.0.jar;C:\Users\Raya\.m2\repository\io\qameta\allure\allure-java-commons\2.15.0\allure-java-commons-2.15.0.jar;C:\Users\Raya\.m2\repository\org\slf4j\slf4j-api\1.7.30\slf4j-api-1.7.30.jar;C:\Users\Raya\.m2\repository\io\qameta\allure\allure-model\2.15.0\allure-model-2.15.0.jar;C:\Users\Raya\.m2\repository\io\qameta\allure\allure-rest-assured\2.15.0\allure-rest-assured-2.15.0.jar;C:\Users\Raya\.m2\repository\io\qameta\allure\allure-attachments\2.15.0\allure-attachments-2.15.0.jar;C:\Users\Raya\.m2\repository\org\freemarker\freemarker\2.3.31\freemarker-2.3.31.jar;C:\Users\Raya\.m2\repository\com\github\javafaker\javafaker\1.0.2\javafaker-1.0.2.jar;C:\Users\Raya\.m2\repository\org\apache\commons\commons-lang3\3.5\commons-lang3-3.5.jar;C:\Users\Raya\.m2\repository\org\yaml\snakeyaml\1.23\snakeyaml-1.23-android.jar;C:\Users\Raya\.m2\repository\com\github\mifmif\generex\1.0.2\generex-1.0.2.jar;C:\Users\Raya\.m2\repository\dk\brics\automaton\automaton\1.11-8\automaton-1.11-8.jar;C:\Users\Raya\.m2\repository\com\google\code\gson\gson\2.8.9\gson-2.8.9.jar;"/>
    <property name="sun.cpu.endian" value="little"/>
    <property name="allure.results.directory" value="C:\Users\Raya\Praktikum\Mesto\target/allure-results"/>
    <property name="user.home" value="C:\Users\Raya"/>
    <property name="user.language" value="ru"/>
    <property name="java.specification.vendor" value="Oracle Corporation"/>
    <property name="java.version.date" value="2022-02-08"/>
    <property name="java.home" value="C:\Program Files\Amazon Corretto\jdk11.0.14_10"/>
    <property name="file.separator" value="\"/>
    <property name="basedir" value="C:\Users\Raya\Praktikum\Mesto"/>
    <property name="java.vm.compressedOopsMode" value="Zero based"/>
    <property name="line.separator" value="&#10;"/>
    <property name="java.specification.name" value="Java Platform API Specification"/>
    <property name="java.vm.specification.vendor" value="Oracle Corporation"/>
    <property name="java.awt.graphicsenv" value="sun.awt.Win32GraphicsEnvironment"/>
    <property name="surefire.real.class.path" value="C:\Users\Raya\AppData\Local\Temp\surefire13060747096897169195\surefirebooter4882519947486147268.jar"/>
    <property name="user.script" value=""/>
    <property name="sun.management.compiler" value="HotSpot 64-Bit Tiered Compilers"/>
    <property name="java.runtime.version" value="11.0.14.1+10-LTS"/>
    <property name="user.name" value="Raya"/>
    <property name="path.separator" value=";"/>
    <property name="os.version" value="10.0"/>
    <property name="java.runtime.name" value="OpenJDK Runtime Environment"/>
    <property name="file.encoding" value="UTF-8"/>
    <property name="java.vm.name" value="OpenJDK 64-Bit Server VM"/>
    <property name="java.vendor.version" value="Corretto-11.0.14.10.1"/>
    <property name="localRepository" value="C:\Users\Raya\.m2\repository"/>
    <property name="java.vendor.url.bug" value="https://github.com/corretto/corretto-11/issues/"/>
    <property name="java.io.tmpdir" value="C:\Users\Raya\AppData\Local\Temp\"/>
    <property name="idea.version" value="2021.3.2"/>
    <property name="java.version" value="11.0.14.1"/>
    <property name="user.dir" value="C:\Users\Raya\Praktikum\Mesto"/>
    <property name="os.arch" value="amd64"/>
    <property name="java.vm.specification.name" value="Java Virtual Machine Specification"/>
    <property name="java.awt.printerjob" value="sun.awt.windows.WPrinterJob"/>
    <property name="sun.os.patch.level" value=""/>
    <property name="java.library.path" value="C:\Program Files\Amazon Corretto\jdk11.0.14_10\bin;C:\WINDOWS\Sun\Java\bin;C:\WINDOWS\system32;C:\WINDOWS;C:\Program Files\Amazon Corretto\jdk11.0.14_10\bin;C:\Program Files\Common Files\Oracle\Java\javapath;C:\Program Files\Eclipse Adoptium\jdk-17.0.2.8-hotspot\bin;C:\Program Files (x86)\Common Files\Oracle\Java\javapath;C:\Python310\Scripts\;C:\Python310\;C:\Program Files (x86)\Common Files\Intel\Shared Libraries\redist\intel64\compiler;C:\Windows\system32;C:\Windows;C:\Windows\System32\Wbem;C:\Windows\System32\WindowsPowerShell\v1.0\;C:\Windows\System32\OpenSSH\;C:\Program Files (x86)\NVIDIA Corporation\PhysX\Common;C:\Program Files\NVIDIA Corporation\NVIDIA NvDLISR;C:\WINDOWS\system32;C:\WINDOWS;C:\WINDOWS\System32\Wbem;C:\WINDOWS\System32\WindowsPowerShell\v1.0\;C:\WINDOWS\System32\OpenSSH\;C:\Program Files\nodejs\;C:\ProgramData\chocolatey\bin;C:\Users\aikid\AppData\Roaming\Python\Python310\Scripts;C:\java\apache-maven-3.8.5\bin;C:\Program Files\Go\bin;C:\Users\Raya\allure-commandline-2.17.3\allure-2.17.3\bin;C:\Program Files\PowerShell\7\;C:\Program Files\Docker\Docker\resources\bin;C:\ProgramData\DockerDesktop\version-bin;C:\Users\Raya\AppData\Local\Microsoft\WindowsApps;C:\Program Files\JetBrains\IntelliJ IDEA Community Edition 2021.3.2\bin;;C:\Users\Raya\AppData\Local\Programs\Microsoft VS Code\bin;."/>
    <property name="java.vm.info" value="mixed mode"/>
    <property name="java.vendor" value="Amazon.com Inc."/>
    <property name="java.vm.version" value="11.0.14.1+10-LTS"/>
    <property name="sun.io.unicode.encoding" value="UnicodeLittle"/>
    <property name="java.class.version" value="55.0"/>
  </properties>
  <testcase name="likeTheFirstPhoto" classname="Mesto1Test" time="1.971">
    <error message="Cannot invoke method getAt() on null object" type="java.lang.IllegalArgumentException">java.lang.IllegalArgumentException: Cannot invoke method getAt() on null object
	at Mesto1Test.getTheFirstPhotoId(Mesto1Test.java:47)
	at Mesto1Test.likeTheFirstPhoto(Mesto1Test.java:35)
Caused by: java.lang.NullPointerException: Cannot invoke method getAt() on null object
	at Mesto1Test.getTheFirstPhotoId(Mesto1Test.java:47)
	at Mesto1Test.likeTheFirstPhoto(Mesto1Test.java:35)
</error>
    <system-err><![CDATA[SLF4J: Failed to load class "org.slf4j.impl.StaticLoggerBinder".
SLF4J: Defaulting to no-operation (NOP) logger implementation
SLF4J: See http://www.slf4j.org/codes.html#StaticLoggerBinder for further details.
]]></system-err>
  </testcase>
  <testcase name="addNewPhoto" classname="Mesto1Test" time="0.18">
    <failure message="1 expectation failed.&#10;Expected status code &lt;201&gt; but was &lt;401&gt;.&#10;" type="java.lang.AssertionError"><![CDATA[java.lang.AssertionError: 
1 expectation failed.
Expected status code <201> but was <401>.

	at Mesto1Test.addNewPhoto(Mesto1Test.java:28)
]]></failure>
  </testcase>
</testsuite>